<?xml version="1.0" encoding="UTF-8"?>
<testsuite xmlns:xsi="http://www.w3.org/2001/XMLSchema-instance" xsi:noNamespaceSchemaLocation="https://maven.apache.org/surefire/maven-surefire-plugin/xsd/surefire-test-report.xsd" name="com.payment.test.PaymentServiceTest" time="0.506" tests="1" errors="1" skipped="0" failures="0">
  <properties>
    <property name="sun.desktop" value="gnome"/>
    <property name="awt.toolkit" value="sun.awt.X11.XToolkit"/>
    <property name="java.specification.version" value="11"/>
    <property name="sun.cpu.isalist" value=""/>
    <property name="sun.jnu.encoding" value="UTF-8"/>
    <property name="java.class.path" value="/home/afify/Projects/payment-service/target/test-classes:/home/afify/Projects/payment-service/target/classes:/home/afify/.m2/repository/org/springframework/boot/spring-boot-starter-web/2.2.1.RELEASE/spring-boot-starter-web-2.2.1.RELEASE.jar:/home/afify/.m2/repository/org/springframework/boot/spring-boot-starter/2.2.1.RELEASE/spring-boot-starter-2.2.1.RELEASE.jar:/home/afify/.m2/repository/org/springframework/boot/spring-boot/2.2.1.RELEASE/spring-boot-2.2.1.RELEASE.jar:/home/afify/.m2/repository/org/springframework/boot/spring-boot-autoconfigure/2.2.1.RELEASE/spring-boot-autoconfigure-2.2.1.RELEASE.jar:/home/afify/.m2/repository/org/springframework/boot/spring-boot-starter-logging/2.2.1.RELEASE/spring-boot-starter-logging-2.2.1.RELEASE.jar:/home/afify/.m2/repository/ch/qos/logback/logback-classic/1.2.3/logback-classic-1.2.3.jar:/home/afify/.m2/repository/ch/qos/logback/logback-core/1.2.3/logback-core-1.2.3.jar:/home/afify/.m2/repository/org/apache/logging/log4j/log4j-to-slf4j/2.12.1/log4j-to-slf4j-2.12.1.jar:/home/afify/.m2/repository/jakarta/annotation/jakarta.annotation-api/1.3.5/jakarta.annotation-api-1.3.5.jar:/home/afify/.m2/repository/org/yaml/snakeyaml/1.25/snakeyaml-1.25.jar:/home/afify/.m2/repository/org/springframework/boot/spring-boot-starter-json/2.2.1.RELEASE/spring-boot-starter-json-2.2.1.RELEASE.jar:/home/afify/.m2/repository/com/fasterxml/jackson/core/jackson-databind/2.10.0/jackson-databind-2.10.0.jar:/home/afify/.m2/repository/com/fasterxml/jackson/core/jackson-annotations/2.10.0/jackson-annotations-2.10.0.jar:/home/afify/.m2/repository/com/fasterxml/jackson/core/jackson-core/2.10.0/jackson-core-2.10.0.jar:/home/afify/.m2/repository/com/fasterxml/jackson/datatype/jackson-datatype-jdk8/2.10.0/jackson-datatype-jdk8-2.10.0.jar:/home/afify/.m2/repository/com/fasterxml/jackson/datatype/jackson-datatype-jsr310/2.10.0/jackson-datatype-jsr310-2.10.0.jar:/home/afify/.m2/repository/com/fasterxml/jackson/module/jackson-module-parameter-names/2.10.0/jackson-module-parameter-names-2.10.0.jar:/home/afify/.m2/repository/org/springframework/boot/spring-boot-starter-tomcat/2.2.1.RELEASE/spring-boot-starter-tomcat-2.2.1.RELEASE.jar:/home/afify/.m2/repository/org/apache/tomcat/embed/tomcat-embed-core/9.0.27/tomcat-embed-core-9.0.27.jar:/home/afify/.m2/repository/org/apache/tomcat/embed/tomcat-embed-el/9.0.27/tomcat-embed-el-9.0.27.jar:/home/afify/.m2/repository/org/apache/tomcat/embed/tomcat-embed-websocket/9.0.27/tomcat-embed-websocket-9.0.27.jar:/home/afify/.m2/repository/org/springframework/boot/spring-boot-starter-validation/2.2.1.RELEASE/spring-boot-starter-validation-2.2.1.RELEASE.jar:/home/afify/.m2/repository/jakarta/validation/jakarta.validation-api/2.0.1/jakarta.validation-api-2.0.1.jar:/home/afify/.m2/repository/org/hibernate/validator/hibernate-validator/6.0.18.Final/hibernate-validator-6.0.18.Final.jar:/home/afify/.m2/repository/org/jboss/logging/jboss-logging/3.4.1.Final/jboss-logging-3.4.1.Final.jar:/home/afify/.m2/repository/com/fasterxml/classmate/1.5.1/classmate-1.5.1.jar:/home/afify/.m2/repository/org/springframework/spring-web/5.2.1.RELEASE/spring-web-5.2.1.RELEASE.jar:/home/afify/.m2/repository/org/springframework/spring-beans/5.2.1.RELEASE/spring-beans-5.2.1.RELEASE.jar:/home/afify/.m2/repository/org/springframework/spring-webmvc/5.2.1.RELEASE/spring-webmvc-5.2.1.RELEASE.jar:/home/afify/.m2/repository/org/springframework/spring-aop/5.2.1.RELEASE/spring-aop-5.2.1.RELEASE.jar:/home/afify/.m2/repository/org/springframework/spring-context/5.2.1.RELEASE/spring-context-5.2.1.RELEASE.jar:/home/afify/.m2/repository/org/springframework/spring-expression/5.2.1.RELEASE/spring-expression-5.2.1.RELEASE.jar:/home/afify/.m2/repository/org/springframework/boot/spring-boot-starter-data-mongodb/2.2.1.RELEASE/spring-boot-starter-data-mongodb-2.2.1.RELEASE.jar:/home/afify/.m2/repository/org/mongodb/mongodb-driver/3.11.2/mongodb-driver-3.11.2.jar:/home/afify/.m2/repository/org/mongodb/bson/3.11.2/bson-3.11.2.jar:/home/afify/.m2/repository/org/mongodb/mongodb-driver-core/3.11.2/mongodb-driver-core-3.11.2.jar:/home/afify/.m2/repository/org/springframework/data/spring-data-mongodb/2.2.1.RELEASE/spring-data-mongodb-2.2.1.RELEASE.jar:/home/afify/.m2/repository/org/springframework/spring-tx/5.2.1.RELEASE/spring-tx-5.2.1.RELEASE.jar:/home/afify/.m2/repository/org/springframework/data/spring-data-commons/2.2.1.RELEASE/spring-data-commons-2.2.1.RELEASE.jar:/home/afify/.m2/repository/org/slf4j/slf4j-api/1.7.29/slf4j-api-1.7.29.jar:/home/afify/.m2/repository/org/springframework/cloud/spring-cloud-starter-stream-kafka/3.0.0.RC2/spring-cloud-starter-stream-kafka-3.0.0.RC2.jar:/home/afify/.m2/repository/org/springframework/cloud/spring-cloud-stream-binder-kafka/3.0.0.RC2/spring-cloud-stream-binder-kafka-3.0.0.RC2.jar:/home/afify/.m2/repository/org/springframework/cloud/spring-cloud-stream-binder-kafka-core/3.0.0.RC2/spring-cloud-stream-binder-kafka-core-3.0.0.RC2.jar:/home/afify/.m2/repository/org/springframework/integration/spring-integration-kafka/3.2.1.RELEASE/spring-integration-kafka-3.2.1.RELEASE.jar:/home/afify/.m2/repository/org/springframework/cloud/spring-cloud-stream/3.0.0.RC2/spring-cloud-stream-3.0.0.RC2.jar:/home/afify/.m2/repository/org/springframework/spring-messaging/5.2.1.RELEASE/spring-messaging-5.2.1.RELEASE.jar:/home/afify/.m2/repository/org/springframework/integration/spring-integration-core/5.2.1.RELEASE/spring-integration-core-5.2.1.RELEASE.jar:/home/afify/.m2/repository/io/projectreactor/reactor-core/3.3.0.RELEASE/reactor-core-3.3.0.RELEASE.jar:/home/afify/.m2/repository/org/reactivestreams/reactive-streams/1.0.3/reactive-streams-1.0.3.jar:/home/afify/.m2/repository/org/springframework/integration/spring-integration-jmx/5.2.1.RELEASE/spring-integration-jmx-5.2.1.RELEASE.jar:/home/afify/.m2/repository/org/springframework/retry/spring-retry/1.2.4.RELEASE/spring-retry-1.2.4.RELEASE.jar:/home/afify/.m2/repository/org/springframework/cloud/spring-cloud-function-context/3.0.0.RC2/spring-cloud-function-context-3.0.0.RC2.jar:/home/afify/.m2/repository/org/springframework/cloud/spring-cloud-function-core/3.0.0.RC2/spring-cloud-function-core-3.0.0.RC2.jar:/home/afify/.m2/repository/javax/annotation/javax.annotation-api/1.3.2/javax.annotation-api-1.3.2.jar:/home/afify/.m2/repository/org/apache/kafka/kafka-clients/2.3.1/kafka-clients-2.3.1.jar:/home/afify/.m2/repository/com/github/luben/zstd-jni/1.4.0-1/zstd-jni-1.4.0-1.jar:/home/afify/.m2/repository/org/lz4/lz4-java/1.6.0/lz4-java-1.6.0.jar:/home/afify/.m2/repository/org/xerial/snappy/snappy-java/1.1.7.3/snappy-java-1.1.7.3.jar:/home/afify/.m2/repository/org/springframework/kafka/spring-kafka/2.3.3.RELEASE/spring-kafka-2.3.3.RELEASE.jar:/home/afify/.m2/repository/org/springframework/boot/spring-boot-starter-mail/2.2.1.RELEASE/spring-boot-starter-mail-2.2.1.RELEASE.jar:/home/afify/.m2/repository/org/springframework/spring-context-support/5.2.1.RELEASE/spring-context-support-5.2.1.RELEASE.jar:/home/afify/.m2/repository/com/sun/mail/jakarta.mail/1.6.4/jakarta.mail-1.6.4.jar:/home/afify/.m2/repository/com/sun/activation/jakarta.activation/1.2.1/jakarta.activation-1.2.1.jar:/home/afify/.m2/repository/org/springframework/cloud/spring-cloud-starter-openfeign/2.2.0.RC2/spring-cloud-starter-openfeign-2.2.0.RC2.jar:/home/afify/.m2/repository/org/springframework/cloud/spring-cloud-starter/2.2.0.RC2/spring-cloud-starter-2.2.0.RC2.jar:/home/afify/.m2/repository/org/springframework/cloud/spring-cloud-context/2.2.0.RC2/spring-cloud-context-2.2.0.RC2.jar:/home/afify/.m2/repository/org/springframework/security/spring-security-rsa/1.0.7.RELEASE/spring-security-rsa-1.0.7.RELEASE.jar:/home/afify/.m2/repository/org/bouncycastle/bcpkix-jdk15on/1.60/bcpkix-jdk15on-1.60.jar:/home/afify/.m2/repository/org/bouncycastle/bcprov-jdk15on/1.60/bcprov-jdk15on-1.60.jar:/home/afify/.m2/repository/org/springframework/cloud/spring-cloud-openfeign-core/2.2.0.RC2/spring-cloud-openfeign-core-2.2.0.RC2.jar:/home/afify/.m2/repository/org/springframework/cloud/spring-cloud-netflix-ribbon/2.2.0.RC2/spring-cloud-netflix-ribbon-2.2.0.RC2.jar:/home/afify/.m2/repository/org/springframework/cloud/spring-cloud-netflix-archaius/2.2.0.RC2/spring-cloud-netflix-archaius-2.2.0.RC2.jar:/home/afify/.m2/repository/org/springframework/boot/spring-boot-starter-aop/2.2.1.RELEASE/spring-boot-starter-aop-2.2.1.RELEASE.jar:/home/afify/.m2/repository/org/aspectj/aspectjweaver/1.9.4/aspectjweaver-1.9.4.jar:/home/afify/.m2/repository/io/github/openfeign/form/feign-form-spring/3.8.0/feign-form-spring-3.8.0.jar:/home/afify/.m2/repository/io/github/openfeign/form/feign-form/3.8.0/feign-form-3.8.0.jar:/home/afify/.m2/repository/commons-fileupload/commons-fileupload/1.4/commons-fileupload-1.4.jar:/home/afify/.m2/repository/commons-io/commons-io/2.2/commons-io-2.2.jar:/home/afify/.m2/repository/org/springframework/cloud/spring-cloud-commons/2.2.0.RC2/spring-cloud-commons-2.2.0.RC2.jar:/home/afify/.m2/repository/org/springframework/security/spring-security-crypto/5.2.1.RELEASE/spring-security-crypto-5.2.1.RELEASE.jar:/home/afify/.m2/repository/io/github/openfeign/feign-core/10.4.0/feign-core-10.4.0.jar:/home/afify/.m2/repository/io/github/openfeign/feign-slf4j/10.4.0/feign-slf4j-10.4.0.jar:/home/afify/.m2/repository/io/github/openfeign/feign-hystrix/10.4.0/feign-hystrix-10.4.0.jar:/home/afify/.m2/repository/com/netflix/archaius/archaius-core/0.7.6/archaius-core-0.7.6.jar:/home/afify/.m2/repository/com/google/code/findbugs/jsr305/3.0.1/jsr305-3.0.1.jar:/home/afify/.m2/repository/commons-configuration/commons-configuration/1.8/commons-configuration-1.8.jar:/home/afify/.m2/repository/commons-lang/commons-lang/2.6/commons-lang-2.6.jar:/home/afify/.m2/repository/com/google/guava/guava/16.0/guava-16.0.jar:/home/afify/.m2/repository/com/netflix/hystrix/hystrix-core/1.5.18/hystrix-core-1.5.18.jar:/home/afify/.m2/repository/io/reactivex/rxjava/1.3.8/rxjava-1.3.8.jar:/home/afify/.m2/repository/org/hdrhistogram/HdrHistogram/2.1.9/HdrHistogram-2.1.9.jar:/home/afify/.m2/repository/org/springframework/boot/spring-boot-starter-test/2.2.1.RELEASE/spring-boot-starter-test-2.2.1.RELEASE.jar:/home/afify/.m2/repository/org/springframework/boot/spring-boot-test/2.2.1.RELEASE/spring-boot-test-2.2.1.RELEASE.jar:/home/afify/.m2/repository/org/springframework/boot/spring-boot-test-autoconfigure/2.2.1.RELEASE/spring-boot-test-autoconfigure-2.2.1.RELEASE.jar:/home/afify/.m2/repository/com/jayway/jsonpath/json-path/2.4.0/json-path-2.4.0.jar:/home/afify/.m2/repository/net/minidev/json-smart/2.3/json-smart-2.3.jar:/home/afify/.m2/repository/net/minidev/accessors-smart/1.2/accessors-smart-1.2.jar:/home/afify/.m2/repository/org/ow2/asm/asm/5.0.4/asm-5.0.4.jar:/home/afify/.m2/repository/jakarta/xml/bind/jakarta.xml.bind-api/2.3.2/jakarta.xml.bind-api-2.3.2.jar:/home/afify/.m2/repository/jakarta/activation/jakarta.activation-api/1.2.1/jakarta.activation-api-1.2.1.jar:/home/afify/.m2/repository/org/junit/jupiter/junit-jupiter/5.5.2/junit-jupiter-5.5.2.jar:/home/afify/.m2/repository/org/junit/jupiter/junit-jupiter-api/5.5.2/junit-jupiter-api-5.5.2.jar:/home/afify/.m2/repository/org/opentest4j/opentest4j/1.2.0/opentest4j-1.2.0.jar:/home/afify/.m2/repository/org/junit/platform/junit-platform-commons/1.5.2/junit-platform-commons-1.5.2.jar:/home/afify/.m2/repository/org/junit/jupiter/junit-jupiter-params/5.5.2/junit-jupiter-params-5.5.2.jar:/home/afify/.m2/repository/org/junit/jupiter/junit-jupiter-engine/5.5.2/junit-jupiter-engine-5.5.2.jar:/home/afify/.m2/repository/org/junit/vintage/junit-vintage-engine/5.5.2/junit-vintage-engine-5.5.2.jar:/home/afify/.m2/repository/org/apiguardian/apiguardian-api/1.1.0/apiguardian-api-1.1.0.jar:/home/afify/.m2/repository/org/junit/platform/junit-platform-engine/1.5.2/junit-platform-engine-1.5.2.jar:/home/afify/.m2/repository/junit/junit/4.12/junit-4.12.jar:/home/afify/.m2/repository/org/mockito/mockito-junit-jupiter/3.1.0/mockito-junit-jupiter-3.1.0.jar:/home/afify/.m2/repository/org/assertj/assertj-core/3.13.2/assertj-core-3.13.2.jar:/home/afify/.m2/repository/org/hamcrest/hamcrest/2.1/hamcrest-2.1.jar:/home/afify/.m2/repository/org/mockito/mockito-core/3.1.0/mockito-core-3.1.0.jar:/home/afify/.m2/repository/net/bytebuddy/byte-buddy/1.10.2/byte-buddy-1.10.2.jar:/home/afify/.m2/repository/net/bytebuddy/byte-buddy-agent/1.10.2/byte-buddy-agent-1.10.2.jar:/home/afify/.m2/repository/org/objenesis/objenesis/2.6/objenesis-2.6.jar:/home/afify/.m2/repository/org/skyscreamer/jsonassert/1.5.0/jsonassert-1.5.0.jar:/home/afify/.m2/repository/com/vaadin/external/google/android-json/0.0.20131108.vaadin1/android-json-0.0.20131108.vaadin1.jar:/home/afify/.m2/repository/org/springframework/spring-core/5.2.1.RELEASE/spring-core-5.2.1.RELEASE.jar:/home/afify/.m2/repository/org/springframework/spring-jcl/5.2.1.RELEASE/spring-jcl-5.2.1.RELEASE.jar:/home/afify/.m2/repository/org/springframework/spring-test/5.2.1.RELEASE/spring-test-5.2.1.RELEASE.jar:/home/afify/.m2/repository/org/xmlunit/xmlunit-core/2.6.3/xmlunit-core-2.6.3.jar:/home/afify/.m2/repository/org/springframework/boot/spring-boot-starter-log4j2/2.2.1.RELEASE/spring-boot-starter-log4j2-2.2.1.RELEASE.jar:/home/afify/.m2/repository/org/apache/logging/log4j/log4j-slf4j-impl/2.12.1/log4j-slf4j-impl-2.12.1.jar:/home/afify/.m2/repository/org/apache/logging/log4j/log4j-api/2.12.1/log4j-api-2.12.1.jar:/home/afify/.m2/repository/org/apache/logging/log4j/log4j-core/2.12.1/log4j-core-2.12.1.jar:/home/afify/.m2/repository/org/apache/logging/log4j/log4j-jul/2.12.1/log4j-jul-2.12.1.jar:/home/afify/.m2/repository/org/slf4j/jul-to-slf4j/1.7.29/jul-to-slf4j-1.7.29.jar:/home/afify/.m2/repository/org/mockito/mockito-all/1.9.5/mockito-all-1.9.5.jar:"/>
    <property name="java.vm.vendor" value="Ubuntu"/>
    <property name="sun.arch.data.model" value="64"/>
    <property name="java.vendor.url" value="https://ubuntu.com/"/>
    <property name="user.timezone" value=""/>
    <property name="java.vm.specification.version" value="11"/>
    <property name="os.name" value="Linux"/>
    <property name="sun.java.launcher" value="SUN_STANDARD"/>
    <property name="user.country" value="US"/>
    <property name="sun.boot.library.path" value="/usr/lib/jvm/java-11-openjdk-amd64/lib"/>
    <property name="sun.java.command" value="/home/afify/Projects/payment-service/target/surefire/surefirebooter9047311292505624162.jar /home/afify/Projects/payment-service/target/surefire 2019-11-18T18-25-55_609-jvmRun1 surefire3022041936153565096tmp surefire_011672492433536763243tmp"/>
    <property name="jdk.debug" value="release"/>
    <property name="surefire.test.class.path" value="/home/afify/Projects/payment-service/target/test-classes:/home/afify/Projects/payment-service/target/classes:/home/afify/.m2/repository/org/springframework/boot/spring-boot-starter-web/2.2.1.RELEASE/spring-boot-starter-web-2.2.1.RELEASE.jar:/home/afify/.m2/repository/org/springframework/boot/spring-boot-starter/2.2.1.RELEASE/spring-boot-starter-2.2.1.RELEASE.jar:/home/afify/.m2/repository/org/springframework/boot/spring-boot/2.2.1.RELEASE/spring-boot-2.2.1.RELEASE.jar:/home/afify/.m2/repository/org/springframework/boot/spring-boot-autoconfigure/2.2.1.RELEASE/spring-boot-autoconfigure-2.2.1.RELEASE.jar:/home/afify/.m2/repository/org/springframework/boot/spring-boot-starter-logging/2.2.1.RELEASE/spring-boot-starter-logging-2.2.1.RELEASE.jar:/home/afify/.m2/repository/ch/qos/logback/logback-classic/1.2.3/logback-classic-1.2.3.jar:/home/afify/.m2/repository/ch/qos/logback/logback-core/1.2.3/logback-core-1.2.3.jar:/home/afify/.m2/repository/org/apache/logging/log4j/log4j-to-slf4j/2.12.1/log4j-to-slf4j-2.12.1.jar:/home/afify/.m2/repository/jakarta/annotation/jakarta.annotation-api/1.3.5/jakarta.annotation-api-1.3.5.jar:/home/afify/.m2/repository/org/yaml/snakeyaml/1.25/snakeyaml-1.25.jar:/home/afify/.m2/repository/org/springframework/boot/spring-boot-starter-json/2.2.1.RELEASE/spring-boot-starter-json-2.2.1.RELEASE.jar:/home/afify/.m2/repository/com/fasterxml/jackson/core/jackson-databind/2.10.0/jackson-databind-2.10.0.jar:/home/afify/.m2/repository/com/fasterxml/jackson/core/jackson-annotations/2.10.0/jackson-annotations-2.10.0.jar:/home/afify/.m2/repository/com/fasterxml/jackson/core/jackson-core/2.10.0/jackson-core-2.10.0.jar:/home/afify/.m2/repository/com/fasterxml/jackson/datatype/jackson-datatype-jdk8/2.10.0/jackson-datatype-jdk8-2.10.0.jar:/home/afify/.m2/repository/com/fasterxml/jackson/datatype/jackson-datatype-jsr310/2.10.0/jackson-datatype-jsr310-2.10.0.jar:/home/afify/.m2/repository/com/fasterxml/jackson/module/jackson-module-parameter-names/2.10.0/jackson-module-parameter-names-2.10.0.jar:/home/afify/.m2/repository/org/springframework/boot/spring-boot-starter-tomcat/2.2.1.RELEASE/spring-boot-starter-tomcat-2.2.1.RELEASE.jar:/home/afify/.m2/repository/org/apache/tomcat/embed/tomcat-embed-core/9.0.27/tomcat-embed-core-9.0.27.jar:/home/afify/.m2/repository/org/apache/tomcat/embed/tomcat-embed-el/9.0.27/tomcat-embed-el-9.0.27.jar:/home/afify/.m2/repository/org/apache/tomcat/embed/tomcat-embed-websocket/9.0.27/tomcat-embed-websocket-9.0.27.jar:/home/afify/.m2/repository/org/springframework/boot/spring-boot-starter-validation/2.2.1.RELEASE/spring-boot-starter-validation-2.2.1.RELEASE.jar:/home/afify/.m2/repository/jakarta/validation/jakarta.validation-api/2.0.1/jakarta.validation-api-2.0.1.jar:/home/afify/.m2/repository/org/hibernate/validator/hibernate-validator/6.0.18.Final/hibernate-validator-6.0.18.Final.jar:/home/afify/.m2/repository/org/jboss/logging/jboss-logging/3.4.1.Final/jboss-logging-3.4.1.Final.jar:/home/afify/.m2/repository/com/fasterxml/classmate/1.5.1/classmate-1.5.1.jar:/home/afify/.m2/repository/org/springframework/spring-web/5.2.1.RELEASE/spring-web-5.2.1.RELEASE.jar:/home/afify/.m2/repository/org/springframework/spring-beans/5.2.1.RELEASE/spring-beans-5.2.1.RELEASE.jar:/home/afify/.m2/repository/org/springframework/spring-webmvc/5.2.1.RELEASE/spring-webmvc-5.2.1.RELEASE.jar:/home/afify/.m2/repository/org/springframework/spring-aop/5.2.1.RELEASE/spring-aop-5.2.1.RELEASE.jar:/home/afify/.m2/repository/org/springframework/spring-context/5.2.1.RELEASE/spring-context-5.2.1.RELEASE.jar:/home/afify/.m2/repository/org/springframework/spring-expression/5.2.1.RELEASE/spring-expression-5.2.1.RELEASE.jar:/home/afify/.m2/repository/org/springframework/boot/spring-boot-starter-data-mongodb/2.2.1.RELEASE/spring-boot-starter-data-mongodb-2.2.1.RELEASE.jar:/home/afify/.m2/repository/org/mongodb/mongodb-driver/3.11.2/mongodb-driver-3.11.2.jar:/home/afify/.m2/repository/org/mongodb/bson/3.11.2/bson-3.11.2.jar:/home/afify/.m2/repository/org/mongodb/mongodb-driver-core/3.11.2/mongodb-driver-core-3.11.2.jar:/home/afify/.m2/repository/org/springframework/data/spring-data-mongodb/2.2.1.RELEASE/spring-data-mongodb-2.2.1.RELEASE.jar:/home/afify/.m2/repository/org/springframework/spring-tx/5.2.1.RELEASE/spring-tx-5.2.1.RELEASE.jar:/home/afify/.m2/repository/org/springframework/data/spring-data-commons/2.2.1.RELEASE/spring-data-commons-2.2.1.RELEASE.jar:/home/afify/.m2/repository/org/slf4j/slf4j-api/1.7.29/slf4j-api-1.7.29.jar:/home/afify/.m2/repository/org/springframework/cloud/spring-cloud-starter-stream-kafka/3.0.0.RC2/spring-cloud-starter-stream-kafka-3.0.0.RC2.jar:/home/afify/.m2/repository/org/springframework/cloud/spring-cloud-stream-binder-kafka/3.0.0.RC2/spring-cloud-stream-binder-kafka-3.0.0.RC2.jar:/home/afify/.m2/repository/org/springframework/cloud/spring-cloud-stream-binder-kafka-core/3.0.0.RC2/spring-cloud-stream-binder-kafka-core-3.0.0.RC2.jar:/home/afify/.m2/repository/org/springframework/integration/spring-integration-kafka/3.2.1.RELEASE/spring-integration-kafka-3.2.1.RELEASE.jar:/home/afify/.m2/repository/org/springframework/cloud/spring-cloud-stream/3.0.0.RC2/spring-cloud-stream-3.0.0.RC2.jar:/home/afify/.m2/repository/org/springframework/spring-messaging/5.2.1.RELEASE/spring-messaging-5.2.1.RELEASE.jar:/home/afify/.m2/repository/org/springframework/integration/spring-integration-core/5.2.1.RELEASE/spring-integration-core-5.2.1.RELEASE.jar:/home/afify/.m2/repository/io/projectreactor/reactor-core/3.3.0.RELEASE/reactor-core-3.3.0.RELEASE.jar:/home/afify/.m2/repository/org/reactivestreams/reactive-streams/1.0.3/reactive-streams-1.0.3.jar:/home/afify/.m2/repository/org/springframework/integration/spring-integration-jmx/5.2.1.RELEASE/spring-integration-jmx-5.2.1.RELEASE.jar:/home/afify/.m2/repository/org/springframework/retry/spring-retry/1.2.4.RELEASE/spring-retry-1.2.4.RELEASE.jar:/home/afify/.m2/repository/org/springframework/cloud/spring-cloud-function-context/3.0.0.RC2/spring-cloud-function-context-3.0.0.RC2.jar:/home/afify/.m2/repository/org/springframework/cloud/spring-cloud-function-core/3.0.0.RC2/spring-cloud-function-core-3.0.0.RC2.jar:/home/afify/.m2/repository/javax/annotation/javax.annotation-api/1.3.2/javax.annotation-api-1.3.2.jar:/home/afify/.m2/repository/org/apache/kafka/kafka-clients/2.3.1/kafka-clients-2.3.1.jar:/home/afify/.m2/repository/com/github/luben/zstd-jni/1.4.0-1/zstd-jni-1.4.0-1.jar:/home/afify/.m2/repository/org/lz4/lz4-java/1.6.0/lz4-java-1.6.0.jar:/home/afify/.m2/repository/org/xerial/snappy/snappy-java/1.1.7.3/snappy-java-1.1.7.3.jar:/home/afify/.m2/repository/org/springframework/kafka/spring-kafka/2.3.3.RELEASE/spring-kafka-2.3.3.RELEASE.jar:/home/afify/.m2/repository/org/springframework/boot/spring-boot-starter-mail/2.2.1.RELEASE/spring-boot-starter-mail-2.2.1.RELEASE.jar:/home/afify/.m2/repository/org/springframework/spring-context-support/5.2.1.RELEASE/spring-context-support-5.2.1.RELEASE.jar:/home/afify/.m2/repository/com/sun/mail/jakarta.mail/1.6.4/jakarta.mail-1.6.4.jar:/home/afify/.m2/repository/com/sun/activation/jakarta.activation/1.2.1/jakarta.activation-1.2.1.jar:/home/afify/.m2/repository/org/springframework/cloud/spring-cloud-starter-openfeign/2.2.0.RC2/spring-cloud-starter-openfeign-2.2.0.RC2.jar:/home/afify/.m2/repository/org/springframework/cloud/spring-cloud-starter/2.2.0.RC2/spring-cloud-starter-2.2.0.RC2.jar:/home/afify/.m2/repository/org/springframework/cloud/spring-cloud-context/2.2.0.RC2/spring-cloud-context-2.2.0.RC2.jar:/home/afify/.m2/repository/org/springframework/security/spring-security-rsa/1.0.7.RELEASE/spring-security-rsa-1.0.7.RELEASE.jar:/home/afify/.m2/repository/org/bouncycastle/bcpkix-jdk15on/1.60/bcpkix-jdk15on-1.60.jar:/home/afify/.m2/repository/org/bouncycastle/bcprov-jdk15on/1.60/bcprov-jdk15on-1.60.jar:/home/afify/.m2/repository/org/springframework/cloud/spring-cloud-openfeign-core/2.2.0.RC2/spring-cloud-openfeign-core-2.2.0.RC2.jar:/home/afify/.m2/repository/org/springframework/cloud/spring-cloud-netflix-ribbon/2.2.0.RC2/spring-cloud-netflix-ribbon-2.2.0.RC2.jar:/home/afify/.m2/repository/org/springframework/cloud/spring-cloud-netflix-archaius/2.2.0.RC2/spring-cloud-netflix-archaius-2.2.0.RC2.jar:/home/afify/.m2/repository/org/springframework/boot/spring-boot-starter-aop/2.2.1.RELEASE/spring-boot-starter-aop-2.2.1.RELEASE.jar:/home/afify/.m2/repository/org/aspectj/aspectjweaver/1.9.4/aspectjweaver-1.9.4.jar:/home/afify/.m2/repository/io/github/openfeign/form/feign-form-spring/3.8.0/feign-form-spring-3.8.0.jar:/home/afify/.m2/repository/io/github/openfeign/form/feign-form/3.8.0/feign-form-3.8.0.jar:/home/afify/.m2/repository/commons-fileupload/commons-fileupload/1.4/commons-fileupload-1.4.jar:/home/afify/.m2/repository/commons-io/commons-io/2.2/commons-io-2.2.jar:/home/afify/.m2/repository/org/springframework/cloud/spring-cloud-commons/2.2.0.RC2/spring-cloud-commons-2.2.0.RC2.jar:/home/afify/.m2/repository/org/springframework/security/spring-security-crypto/5.2.1.RELEASE/spring-security-crypto-5.2.1.RELEASE.jar:/home/afify/.m2/repository/io/github/openfeign/feign-core/10.4.0/feign-core-10.4.0.jar:/home/afify/.m2/repository/io/github/openfeign/feign-slf4j/10.4.0/feign-slf4j-10.4.0.jar:/home/afify/.m2/repository/io/github/openfeign/feign-hystrix/10.4.0/feign-hystrix-10.4.0.jar:/home/afify/.m2/repository/com/netflix/archaius/archaius-core/0.7.6/archaius-core-0.7.6.jar:/home/afify/.m2/repository/com/google/code/findbugs/jsr305/3.0.1/jsr305-3.0.1.jar:/home/afify/.m2/repository/commons-configuration/commons-configuration/1.8/commons-configuration-1.8.jar:/home/afify/.m2/repository/commons-lang/commons-lang/2.6/commons-lang-2.6.jar:/home/afify/.m2/repository/com/google/guava/guava/16.0/guava-16.0.jar:/home/afify/.m2/repository/com/netflix/hystrix/hystrix-core/1.5.18/hystrix-core-1.5.18.jar:/home/afify/.m2/repository/io/reactivex/rxjava/1.3.8/rxjava-1.3.8.jar:/home/afify/.m2/repository/org/hdrhistogram/HdrHistogram/2.1.9/HdrHistogram-2.1.9.jar:/home/afify/.m2/repository/org/springframework/boot/spring-boot-starter-test/2.2.1.RELEASE/spring-boot-starter-test-2.2.1.RELEASE.jar:/home/afify/.m2/repository/org/springframework/boot/spring-boot-test/2.2.1.RELEASE/spring-boot-test-2.2.1.RELEASE.jar:/home/afify/.m2/repository/org/springframework/boot/spring-boot-test-autoconfigure/2.2.1.RELEASE/spring-boot-test-autoconfigure-2.2.1.RELEASE.jar:/home/afify/.m2/repository/com/jayway/jsonpath/json-path/2.4.0/json-path-2.4.0.jar:/home/afify/.m2/repository/net/minidev/json-smart/2.3/json-smart-2.3.jar:/home/afify/.m2/repository/net/minidev/accessors-smart/1.2/accessors-smart-1.2.jar:/home/afify/.m2/repository/org/ow2/asm/asm/5.0.4/asm-5.0.4.jar:/home/afify/.m2/repository/jakarta/xml/bind/jakarta.xml.bind-api/2.3.2/jakarta.xml.bind-api-2.3.2.jar:/home/afify/.m2/repository/jakarta/activation/jakarta.activation-api/1.2.1/jakarta.activation-api-1.2.1.jar:/home/afify/.m2/repository/org/junit/jupiter/junit-jupiter/5.5.2/junit-jupiter-5.5.2.jar:/home/afify/.m2/repository/org/junit/jupiter/junit-jupiter-api/5.5.2/junit-jupiter-api-5.5.2.jar:/home/afify/.m2/repository/org/opentest4j/opentest4j/1.2.0/opentest4j-1.2.0.jar:/home/afify/.m2/repository/org/junit/platform/junit-platform-commons/1.5.2/junit-platform-commons-1.5.2.jar:/home/afify/.m2/repository/org/junit/jupiter/junit-jupiter-params/5.5.2/junit-jupiter-params-5.5.2.jar:/home/afify/.m2/repository/org/junit/jupiter/junit-jupiter-engine/5.5.2/junit-jupiter-engine-5.5.2.jar:/home/afify/.m2/repository/org/junit/vintage/junit-vintage-engine/5.5.2/junit-vintage-engine-5.5.2.jar:/home/afify/.m2/repository/org/apiguardian/apiguardian-api/1.1.0/apiguardian-api-1.1.0.jar:/home/afify/.m2/repository/org/junit/platform/junit-platform-engine/1.5.2/junit-platform-engine-1.5.2.jar:/home/afify/.m2/repository/junit/junit/4.12/junit-4.12.jar:/home/afify/.m2/repository/org/mockito/mockito-junit-jupiter/3.1.0/mockito-junit-jupiter-3.1.0.jar:/home/afify/.m2/repository/org/assertj/assertj-core/3.13.2/assertj-core-3.13.2.jar:/home/afify/.m2/repository/org/hamcrest/hamcrest/2.1/hamcrest-2.1.jar:/home/afify/.m2/repository/org/mockito/mockito-core/3.1.0/mockito-core-3.1.0.jar:/home/afify/.m2/repository/net/bytebuddy/byte-buddy/1.10.2/byte-buddy-1.10.2.jar:/home/afify/.m2/repository/net/bytebuddy/byte-buddy-agent/1.10.2/byte-buddy-agent-1.10.2.jar:/home/afify/.m2/repository/org/objenesis/objenesis/2.6/objenesis-2.6.jar:/home/afify/.m2/repository/org/skyscreamer/jsonassert/1.5.0/jsonassert-1.5.0.jar:/home/afify/.m2/repository/com/vaadin/external/google/android-json/0.0.20131108.vaadin1/android-json-0.0.20131108.vaadin1.jar:/home/afify/.m2/repository/org/springframework/spring-core/5.2.1.RELEASE/spring-core-5.2.1.RELEASE.jar:/home/afify/.m2/repository/org/springframework/spring-jcl/5.2.1.RELEASE/spring-jcl-5.2.1.RELEASE.jar:/home/afify/.m2/repository/org/springframework/spring-test/5.2.1.RELEASE/spring-test-5.2.1.RELEASE.jar:/home/afify/.m2/repository/org/xmlunit/xmlunit-core/2.6.3/xmlunit-core-2.6.3.jar:/home/afify/.m2/repository/org/springframework/boot/spring-boot-starter-log4j2/2.2.1.RELEASE/spring-boot-starter-log4j2-2.2.1.RELEASE.jar:/home/afify/.m2/repository/org/apache/logging/log4j/log4j-slf4j-impl/2.12.1/log4j-slf4j-impl-2.12.1.jar:/home/afify/.m2/repository/org/apache/logging/log4j/log4j-api/2.12.1/log4j-api-2.12.1.jar:/home/afify/.m2/repository/org/apache/logging/log4j/log4j-core/2.12.1/log4j-core-2.12.1.jar:/home/afify/.m2/repository/org/apache/logging/log4j/log4j-jul/2.12.1/log4j-jul-2.12.1.jar:/home/afify/.m2/repository/org/slf4j/jul-to-slf4j/1.7.29/jul-to-slf4j-1.7.29.jar:/home/afify/.m2/repository/org/mockito/mockito-all/1.9.5/mockito-all-1.9.5.jar:"/>
    <property name="sun.cpu.endian" value="little"/>
    <property name="user.home" value="/home/afify"/>
    <property name="user.language" value="en"/>
    <property name="java.specification.vendor" value="Oracle Corporation"/>
    <property name="java.version.date" value="2019-07-16"/>
    <property name="java.home" value="/usr/lib/jvm/java-11-openjdk-amd64"/>
    <property name="file.separator" value="/"/>
    <property name="style.color" value="always"/>
    <property name="basedir" value="/home/afify/Projects/payment-service"/>
    <property name="java.vm.compressedOopsMode" value="32-bit"/>
    <property name="line.separator" value="&#10;"/>
    <property name="java.specification.name" value="Java Platform API Specification"/>
    <property name="java.vm.specification.vendor" value="Oracle Corporation"/>
    <property name="java.awt.graphicsenv" value="sun.awt.X11GraphicsEnvironment"/>
    <property name="surefire.real.class.path" value="/home/afify/Projects/payment-service/target/surefire/surefirebooter9047311292505624162.jar"/>
    <property name="sun.management.compiler" value="HotSpot 64-Bit Tiered Compilers"/>
    <property name="java.runtime.version" value="11.0.4+11-post-Ubuntu-1ubuntu218.04.3"/>
    <property name="user.name" value="afify"/>
    <property name="path.separator" value=":"/>
    <property name="os.version" value="5.0.0-36-generic"/>
    <property name="java.runtime.name" value="OpenJDK Runtime Environment"/>
    <property name="file.encoding" value="UTF-8"/>
    <property name="java.vm.name" value="OpenJDK 64-Bit Server VM"/>
    <property name="localRepository" value="/home/afify/.m2/repository"/>
    <property name="java.vendor.url.bug" value="https://bugs.launchpad.net/ubuntu/+source/openjdk-lts"/>
    <property name="java.io.tmpdir" value="/tmp"/>
    <property name="java.version" value="11.0.4"/>
    <property name="user.dir" value="/home/afify/Projects/payment-service"/>
    <property name="os.arch" value="amd64"/>
    <property name="java.vm.specification.name" value="Java Virtual Machine Specification"/>
    <property name="java.awt.printerjob" value="sun.print.PSPrinterJob"/>
    <property name="sun.os.patch.level" value="unknown"/>
    <property name="java.library.path" value="/usr/java/packages/lib:/usr/lib/x86_64-linux-gnu/jni:/lib/x86_64-linux-gnu:/usr/lib/x86_64-linux-gnu:/usr/lib/jni:/lib:/usr/lib"/>
    <property name="java.vendor" value="Ubuntu"/>
    <property name="java.vm.info" value="mixed mode, sharing"/>
    <property name="java.vm.version" value="11.0.4+11-post-Ubuntu-1ubuntu218.04.3"/>
    <property name="sun.io.unicode.encoding" value="UnicodeLittle"/>
    <property name="java.class.version" value="55.0"/>
  </properties>
  <testcase name="savePayment" classname="com.payment.test.PaymentServiceTest" time="0.484">
    <error message="&#10;Argument passed to when() is null!&#10;Example of correct stubbing:&#10;    doThrow(new RuntimeException()).when(mock).someMethod();&#10;Also, if you use @Mock annotation don&apos;t miss initMocks()" type="org.mockito.exceptions.misusing.NullInsteadOfMockException">org.mockito.exceptions.misusing.NullInsteadOfMockException: 

Argument passed to when() is null!
Example of correct stubbing:
    doThrow(new RuntimeException()).when(mock).someMethod();
Also, if you use @Mock annotation don't miss initMocks()
	at com.payment.test.PaymentServiceTest.savePayment(PaymentServiceTest.java:38)
</error>
  </testcase>
</testsuite>